<?xml version="1.0" encoding="UTF-8"?>
<!-- Generated by org.testng.reporters.JUnitXMLReporter -->
<testsuite ignored="0" hostname="DESKTOP-V6M2FT0" failures="0" tests="5" name="Test" time="6.559" errors="0" timestamp="2025-01-13T23:08:56 PST">
  <testcase classname="org.test.healthcare.cura.HomePageTest" name="testHeaderMsg" time="0.079"/>
  <testcase classname="org.test.healthcare.cura.HomePageTest" name="testApptButton" time="0.028"/>
  <testcase classname="org.test.healthcare.cura.HomePageTest" name="testMenu" time="0.47"/>
  <testcase classname="org.test.healthcare.cura.HomePageTest" name="testLogin" time="0.67"/>
  <testcase classname="org.test.healthcare.cura.HomePageTest" name="testMakeAppt" time="1.234"/>
</testsuite> <!-- Test -->
